19-01-05 20:00:27:Exception at file[/home/original/workspace/sm/vendor/easyswoole/http/src/Dispatcher.php] line[221] message:[Cannot instantiate abstract class App\Controller\Admin\Admin]
19-01-05 20:00:46:Exception at file[/home/original/workspace/sm/vendor/easyswoole/http/src/Dispatcher.php] line[221] message:[Cannot instantiate abstract class App\Controller\Admin\Admin]
19-01-05 20:00:59:Exception at file[/home/original/workspace/sm/vendor/easyswoole/http/src/Dispatcher.php] line[221] message:[Cannot instantiate abstract class App\Controller\Admin\Admin]
19-01-05 20:02:38:Exception at file[/home/original/workspace/sm/vendor/duncan3dc/blade/src/BladeInstance.php] line[346] message:[Argument 1 passed to duncan3dc\Laravel\BladeInstance::render() must be of the type string, null given, called in /home/original/workspace/sm/app/Controller/Admin/Admin.php on line 18]
19-01-05 20:03:20:Exception at file[/home/original/workspace/sm/vendor/duncan3dc/blade/src/BladeInstance.php] line[346] message:[Argument 1 passed to duncan3dc\Laravel\BladeInstance::render() must be of the type string, null given, called in /home/original/workspace/sm/app/Controller/Admin/Admin.php on line 18]
19-01-05 20:03:22:Exception at file[/home/original/workspace/sm/vendor/duncan3dc/blade/src/BladeInstance.php] line[346] message:[Argument 1 passed to duncan3dc\Laravel\BladeInstance::render() must be of the type string, null given, called in /home/original/workspace/sm/app/Controller/Admin/Admin.php on line 18]
19-01-05 20:03:22:Exception at file[/home/original/workspace/sm/vendor/duncan3dc/blade/src/BladeInstance.php] line[346] message:[Argument 1 passed to duncan3dc\Laravel\BladeInstance::render() must be of the type string, null given, called in /home/original/workspace/sm/app/Controller/Admin/Admin.php on line 18]
19-01-05 20:03:27:Exception at file[/home/original/workspace/sm/vendor/duncan3dc/blade/src/BladeInstance.php] line[98] message:[Class 'Illuminate\View\Engines\EngineResolver' not found]
19-01-05 20:03:28:Exception at file[/home/original/workspace/sm/vendor/duncan3dc/blade/src/BladeInstance.php] line[98] message:[Class 'Illuminate\View\Engines\EngineResolver' not found]
19-01-05 20:03:28:Exception at file[/home/original/workspace/sm/vendor/duncan3dc/blade/src/BladeInstance.php] line[98] message:[Class 'Illuminate\View\Engines\EngineResolver' not found]
19-01-05 20:03:28:Exception at file[/home/original/workspace/sm/vendor/duncan3dc/blade/src/BladeInstance.php] line[98] message:[Class 'Illuminate\View\Engines\EngineResolver' not found]
19-01-05 20:03:29:Exception at file[/home/original/workspace/sm/vendor/duncan3dc/blade/src/BladeInstance.php] line[98] message:[Class 'Illuminate\View\Engines\EngineResolver' not found]
19-01-05 20:15:05:Exception at file[/home/original/workspace/sm/vendor/illuminate/view/FileViewFinder.php] line[137] message:[View [hello] not found.]
19-01-05 20:37:25:Exception at file[/home/original/workspace/sm/app/Controller/Admin/Main/Console.php] line[19] message:[Call to undefined function App\Component\config()]
19-01-05 20:37:27:Exception at file[/home/original/workspace/sm/app/Controller/Admin/Main/Console.php] line[19] message:[Call to undefined function App\Component\config()]
19-01-05 20:37:28:Exception at file[/home/original/workspace/sm/app/Controller/Admin/Main/Console.php] line[19] message:[Call to undefined function App\Component\config()]
19-01-05 20:38:25:Exception at file[/home/original/workspace/sm/app/Controller/Admin/Admin.php] line[23] message:[Call to a member function render() on null]
19-01-05 20:38:30:Exception at file[/home/original/workspace/sm/app/Controller/Admin/Admin.php] line[23] message:[Call to a member function render() on null]
19-01-05 20:38:31:Exception at file[/home/original/workspace/sm/app/Controller/Admin/Admin.php] line[23] message:[Call to a member function render() on null]
19-01-05 20:38:31:Exception at file[/home/original/workspace/sm/app/Controller/Admin/Admin.php] line[23] message:[Call to a member function render() on null]
19-01-05 20:38:33:Exception at file[/home/original/workspace/sm/app/Controller/Admin/Admin.php] line[23] message:[Call to a member function render() on null]
19-01-06 23:10:03:Exception at file[/home/original/workspace/sm/app/Model/Model.php] line[56] message:[swoole exit.]
19-01-06 23:11:33:Exception at file[/home/original/workspace/sm/app/Model/Model.php] line[56] message:[swoole exit.]
19-01-06 23:11:35:Exception at file[/home/original/workspace/sm/app/Model/Model.php] line[56] message:[swoole exit.]
